<?xml version="1.0" encoding="UTF-8"?>
<testng-results skipped="0" failed="0" total="23" passed="23">
  <reporter-output>
  </reporter-output>
  <suite name="Surefire suite" duration-ms="259" started-at="2015-04-23T12:49:57Z" finished-at="2015-04-23T12:49:58Z">
    <groups>
      <group name="unit">
        <method signature="AliyunApiMetadataTest.testAliyunApiRegistered()[pri:0, instance:org.jclouds.aliyun.AliyunApiMetadataTest@2993dfb0]" name="testAliyunApiRegistered" class="org.jclouds.aliyun.AliyunApiMetadataTest"/>
        <method signature="BaseApiMetadataTest.testAllContains()[pri:0, instance:org.jclouds.aliyun.AliyunApiMetadataTest@2993dfb0]" name="testAllContains" class="org.jclouds.apis.internal.BaseApiMetadataTest"/>
        <method signature="BaseApiMetadataTest.testTransformableToContains()[pri:0, instance:org.jclouds.aliyun.AliyunApiMetadataTest@2993dfb0]" name="testTransformableToContains" class="org.jclouds.apis.internal.BaseApiMetadataTest"/>
        <method signature="BaseApiMetadataTest.testWithId()[pri:0, instance:org.jclouds.aliyun.AliyunApiMetadataTest@2993dfb0]" name="testWithId" class="org.jclouds.apis.internal.BaseApiMetadataTest"/>
        <method signature="GetTokenFromApiTest.testGetTokenWithAuthenticationHttpCookie()[pri:0, instance:org.jclouds.aliyun.functions.auth.GetTokenFromApiTest@1eca7c93]" name="testGetTokenWithAuthenticationHttpCookie" class="org.jclouds.aliyun.functions.auth.GetTokenFromApiTest"/>
        <method signature="GetTokenFromApiTest.testGetTokenWithOtherHeaders()[pri:0, instance:org.jclouds.aliyun.functions.auth.GetTokenFromApiTest@1eca7c93]" name="testGetTokenWithOtherHeaders" class="org.jclouds.aliyun.functions.auth.GetTokenFromApiTest"/>
        <method signature="GetTokenFromApiTest.testGetTokenWithOtherHttpCookie()[pri:0, instance:org.jclouds.aliyun.functions.auth.GetTokenFromApiTest@1eca7c93]" name="testGetTokenWithOtherHttpCookie" class="org.jclouds.aliyun.functions.auth.GetTokenFromApiTest"/>
        <method signature="GetTokenFromApiTest.testGetTokenWithoutHeaders()[pri:0, instance:org.jclouds.aliyun.functions.auth.GetTokenFromApiTest@1eca7c93]" name="testGetTokenWithoutHeaders" class="org.jclouds.aliyun.functions.auth.GetTokenFromApiTest"/>
        <method signature="AliyunAuthenticationTest.testAuthenticateWithToken()[pri:0, instance:org.jclouds.aliyun.http.filters.AliyunAuthenticationTest@2e447a24]" name="testAuthenticateWithToken" class="org.jclouds.aliyun.http.filters.AliyunAuthenticationTest"/>
        <method signature="AliyunAuthenticationTest.testAuthenticateWithoutToken()[pri:0, instance:org.jclouds.aliyun.http.filters.AliyunAuthenticationTest@2e447a24]" name="testAuthenticateWithoutToken" class="org.jclouds.aliyun.http.filters.AliyunAuthenticationTest"/>
        <method signature="AppendApiVersionToMediaTypeTest.testAppendVersionToNonPayloadHeadersWithStandardMediaType()[pri:0, instance:org.jclouds.aliyun.http.filters.AppendApiVersionToMediaTypeTest@3b9b9669]" name="testAppendVersionToNonPayloadHeadersWithStandardMediaType" class="org.jclouds.aliyun.http.filters.AppendApiVersionToMediaTypeTest"/>
        <method signature="AppendApiVersionToMediaTypeTest.testAppendVersionToNonPayloadHeadersWithVersionInMediaType()[pri:0, instance:org.jclouds.aliyun.http.filters.AppendApiVersionToMediaTypeTest@3b9b9669]" name="testAppendVersionToNonPayloadHeadersWithVersionInMediaType" class="org.jclouds.aliyun.http.filters.AppendApiVersionToMediaTypeTest"/>
        <method signature="AppendApiVersionToMediaTypeTest.testAppendVersionToNonPayloadHeadersWithoutHeaders()[pri:0, instance:org.jclouds.aliyun.http.filters.AppendApiVersionToMediaTypeTest@3b9b9669]" name="testAppendVersionToNonPayloadHeadersWithoutHeaders" class="org.jclouds.aliyun.http.filters.AppendApiVersionToMediaTypeTest"/>
        <method signature="AppendApiVersionToMediaTypeTest.testAppendVersionToNonPayloadHeadersWithoutVersionInMediaType()[pri:0, instance:org.jclouds.aliyun.http.filters.AppendApiVersionToMediaTypeTest@3b9b9669]" name="testAppendVersionToNonPayloadHeadersWithoutVersionInMediaType" class="org.jclouds.aliyun.http.filters.AppendApiVersionToMediaTypeTest"/>
        <method signature="AppendApiVersionToMediaTypeTest.testAppendVersionToPayloadHeadersWithDefaultPayload()[pri:0, instance:org.jclouds.aliyun.http.filters.AppendApiVersionToMediaTypeTest@3b9b9669]" name="testAppendVersionToPayloadHeadersWithDefaultPayload" class="org.jclouds.aliyun.http.filters.AppendApiVersionToMediaTypeTest"/>
        <method signature="AppendApiVersionToMediaTypeTest.testAppendVersionToPayloadHeadersWithStandardPayload()[pri:0, instance:org.jclouds.aliyun.http.filters.AppendApiVersionToMediaTypeTest@3b9b9669]" name="testAppendVersionToPayloadHeadersWithStandardPayload" class="org.jclouds.aliyun.http.filters.AppendApiVersionToMediaTypeTest"/>
        <method signature="AppendApiVersionToMediaTypeTest.testAppendVersionToPayloadHeadersWithVersionInPayload()[pri:0, instance:org.jclouds.aliyun.http.filters.AppendApiVersionToMediaTypeTest@3b9b9669]" name="testAppendVersionToPayloadHeadersWithVersionInPayload" class="org.jclouds.aliyun.http.filters.AppendApiVersionToMediaTypeTest"/>
        <method signature="AppendApiVersionToMediaTypeTest.testAppendVersionToPayloadHeadersWithoutPayload()[pri:0, instance:org.jclouds.aliyun.http.filters.AppendApiVersionToMediaTypeTest@3b9b9669]" name="testAppendVersionToPayloadHeadersWithoutPayload" class="org.jclouds.aliyun.http.filters.AppendApiVersionToMediaTypeTest"/>
        <method signature="AppendApiVersionToMediaTypeTest.testAppendVersionToPayloadHeadersWithoutVersionInPayload()[pri:0, instance:org.jclouds.aliyun.http.filters.AppendApiVersionToMediaTypeTest@3b9b9669]" name="testAppendVersionToPayloadHeadersWithoutVersionInPayload" class="org.jclouds.aliyun.http.filters.AppendApiVersionToMediaTypeTest"/>
        <method signature="AppendApiVersionToMediaTypeTest.testFilterWithAcceptAndContentTypeWithVersion()[pri:0, instance:org.jclouds.aliyun.http.filters.AppendApiVersionToMediaTypeTest@3b9b9669]" name="testFilterWithAcceptAndContentTypeWithVersion" class="org.jclouds.aliyun.http.filters.AppendApiVersionToMediaTypeTest"/>
        <method signature="AppendApiVersionToMediaTypeTest.testFilterWithAcceptAndContentTypeWithoutVersion()[pri:0, instance:org.jclouds.aliyun.http.filters.AppendApiVersionToMediaTypeTest@3b9b9669]" name="testFilterWithAcceptAndContentTypeWithoutVersion" class="org.jclouds.aliyun.http.filters.AppendApiVersionToMediaTypeTest"/>
        <method signature="AppendApiVersionToMediaTypeTest.testFilterWithversionInAccept()[pri:0, instance:org.jclouds.aliyun.http.filters.AppendApiVersionToMediaTypeTest@3b9b9669]" name="testFilterWithversionInAccept" class="org.jclouds.aliyun.http.filters.AppendApiVersionToMediaTypeTest"/>
        <method signature="AppendApiVersionToMediaTypeTest.testFilterWithversionInContentType()[pri:0, instance:org.jclouds.aliyun.http.filters.AppendApiVersionToMediaTypeTest@3b9b9669]" name="testFilterWithversionInContentType" class="org.jclouds.aliyun.http.filters.AppendApiVersionToMediaTypeTest"/>
      </group> <!-- unit -->
    </groups>
    <test name="AliyunApiMetadataTest" duration-ms="24" started-at="2015-04-23T12:49:57Z" finished-at="2015-04-23T12:49:57Z">
      <class name="org.jclouds.aliyun.AliyunApiMetadataTest">
        <test-method status="PASS" signature="testTransformableToContains()[pri:0, instance:org.jclouds.aliyun.AliyunApiMetadataTest@2993dfb0]" name="testTransformableToContains" duration-ms="5" started-at="2015-04-23T20:49:57Z" finished-at="2015-04-23T20:49:57Z">
          <reporter-output>
          </reporter-output>
        </test-method> <!-- testTransformableToContains -->
        <test-method status="PASS" signature="testWithId()[pri:0, instance:org.jclouds.aliyun.AliyunApiMetadataTest@2993dfb0]" name="testWithId" duration-ms="14" started-at="2015-04-23T20:49:57Z" finished-at="2015-04-23T20:49:57Z">
          <reporter-output>
          </reporter-output>
        </test-method> <!-- testWithId -->
        <test-method status="PASS" signature="testAllContains()[pri:0, instance:org.jclouds.aliyun.AliyunApiMetadataTest@2993dfb0]" name="testAllContains" duration-ms="11" started-at="2015-04-23T20:49:57Z" finished-at="2015-04-23T20:49:57Z">
          <reporter-output>
          </reporter-output>
        </test-method> <!-- testAllContains -->
        <test-method status="PASS" signature="testAliyunApiRegistered()[pri:0, instance:org.jclouds.aliyun.AliyunApiMetadataTest@2993dfb0]" name="testAliyunApiRegistered" duration-ms="14" started-at="2015-04-23T20:49:57Z" finished-at="2015-04-23T20:49:57Z">
          <reporter-output>
          </reporter-output>
        </test-method> <!-- testAliyunApiRegistered -->
      </class> <!-- org.jclouds.aliyun.AliyunApiMetadataTest -->
    </test> <!-- AliyunApiMetadataTest -->
    <test name="GetTokenFromApiTest" duration-ms="85" started-at="2015-04-23T12:49:57Z" finished-at="2015-04-23T12:49:57Z">
      <class name="org.jclouds.aliyun.functions.auth.GetTokenFromApiTest">
        <test-method status="PASS" signature="testGetTokenWithOtherHttpCookie()[pri:0, instance:org.jclouds.aliyun.functions.auth.GetTokenFromApiTest@1eca7c93]" name="testGetTokenWithOtherHttpCookie" duration-ms="84" started-at="2015-04-23T20:49:57Z" finished-at="2015-04-23T20:49:57Z">
          <reporter-output>
          </reporter-output>
        </test-method> <!-- testGetTokenWithOtherHttpCookie -->
        <test-method status="PASS" signature="testGetTokenWithOtherHeaders()[pri:0, instance:org.jclouds.aliyun.functions.auth.GetTokenFromApiTest@1eca7c93]" name="testGetTokenWithOtherHeaders" duration-ms="83" started-at="2015-04-23T20:49:57Z" finished-at="2015-04-23T20:49:57Z">
          <reporter-output>
          </reporter-output>
        </test-method> <!-- testGetTokenWithOtherHeaders -->
        <test-method status="PASS" signature="testGetTokenWithAuthenticationHttpCookie()[pri:0, instance:org.jclouds.aliyun.functions.auth.GetTokenFromApiTest@1eca7c93]" name="testGetTokenWithAuthenticationHttpCookie" duration-ms="84" started-at="2015-04-23T20:49:57Z" finished-at="2015-04-23T20:49:57Z">
          <reporter-output>
          </reporter-output>
        </test-method> <!-- testGetTokenWithAuthenticationHttpCookie -->
        <test-method status="PASS" signature="testGetTokenWithoutHeaders()[pri:0, instance:org.jclouds.aliyun.functions.auth.GetTokenFromApiTest@1eca7c93]" name="testGetTokenWithoutHeaders" duration-ms="78" started-at="2015-04-23T20:49:57Z" finished-at="2015-04-23T20:49:57Z">
          <reporter-output>
          </reporter-output>
        </test-method> <!-- testGetTokenWithoutHeaders -->
      </class> <!-- org.jclouds.aliyun.functions.auth.GetTokenFromApiTest -->
    </test> <!-- GetTokenFromApiTest -->
    <test name="AliyunAuthenticationTest" duration-ms="13" started-at="2015-04-23T12:49:57Z" finished-at="2015-04-23T12:49:57Z">
      <class name="org.jclouds.aliyun.http.filters.AliyunAuthenticationTest">
        <test-method status="PASS" signature="testAuthenticateWithToken()[pri:0, instance:org.jclouds.aliyun.http.filters.AliyunAuthenticationTest@2e447a24]" name="testAuthenticateWithToken" duration-ms="12" started-at="2015-04-23T20:49:57Z" finished-at="2015-04-23T20:49:57Z">
          <reporter-output>
          </reporter-output>
        </test-method> <!-- testAuthenticateWithToken -->
        <test-method status="PASS" signature="testAuthenticateWithoutToken()[pri:0, instance:org.jclouds.aliyun.http.filters.AliyunAuthenticationTest@2e447a24]" name="testAuthenticateWithoutToken" duration-ms="4" started-at="2015-04-23T20:49:57Z" finished-at="2015-04-23T20:49:57Z">
          <exception class="java.lang.NullPointerException">
            <message>
              <![CDATA[missing authentication token]]>
            </message>
            <full-stacktrace>
              <![CDATA[java.lang.NullPointerException: missing authentication token
	at com.google.common.base.Preconditions.checkNotNull(Preconditions.java:229)
	at org.jclouds.aliyun.http.filters.AliyunAuthentication.tokenAuth(AliyunAuthentication.java:52)
	at org.jclouds.aliyun.http.filters.AliyunAuthentication.filter(AliyunAuthentication.java:48)
	at org.jclouds.aliyun.http.filters.AliyunAuthenticationTest.testAuthenticateWithoutToken(AliyunAuthenticationTest.java:40)
	at sun.reflect.NativeMethodAccessorImpl.invoke0(Native Method)
	at sun.reflect.NativeMethodAccessorImpl.invoke(NativeMethodAccessorImpl.java:57)
	at sun.reflect.DelegatingMethodAccessorImpl.invoke(DelegatingMethodAccessorImpl.java:43)
	at java.lang.reflect.Method.invoke(Method.java:606)
	at org.testng.internal.MethodInvocationHelper.invokeMethod(MethodInvocationHelper.java:84)
	at org.testng.internal.Invoker.invokeMethod(Invoker.java:714)
	at org.testng.internal.Invoker.invokeTestMethod(Invoker.java:901)
	at org.testng.internal.Invoker.invokeTestMethods(Invoker.java:1231)
	at org.testng.internal.TestMethodWorker.invokeTestMethods(TestMethodWorker.java:127)
	at org.testng.internal.TestMethodWorker.run(TestMethodWorker.java:111)
	at java.util.concurrent.ThreadPoolExecutor.runWorker(ThreadPoolExecutor.java:1145)
	at java.util.concurrent.ThreadPoolExecutor$Worker.run(ThreadPoolExecutor.java:615)
	at java.lang.Thread.run(Thread.java:745)
]]>
            </full-stacktrace>
          </exception> <!-- java.lang.NullPointerException -->
          <reporter-output>
          </reporter-output>
        </test-method> <!-- testAuthenticateWithoutToken -->
      </class> <!-- org.jclouds.aliyun.http.filters.AliyunAuthenticationTest -->
    </test> <!-- AliyunAuthenticationTest -->
    <test name="AppendApiVersionToMediaTypeTest" duration-ms="107" started-at="2015-04-23T12:49:57Z" finished-at="2015-04-23T12:49:58Z">
      <class name="org.jclouds.aliyun.http.filters.AppendApiVersionToMediaTypeTest">
        <test-method status="PASS" signature="setup()[pri:0, instance:org.jclouds.aliyun.http.filters.AppendApiVersionToMediaTypeTest@3b9b9669]" name="setup" is-config="true" duration-ms="97" started-at="2015-04-23T20:49:57Z" finished-at="2015-04-23T20:49:58Z">
          <reporter-output>
          </reporter-output>
        </test-method> <!-- setup -->
        <test-method status="PASS" signature="setup()[pri:0, instance:org.jclouds.aliyun.http.filters.AppendApiVersionToMediaTypeTest@3b9b9669]" name="setup" is-config="true" duration-ms="97" started-at="2015-04-23T20:49:57Z" finished-at="2015-04-23T20:49:58Z">
          <reporter-output>
          </reporter-output>
        </test-method> <!-- setup -->
        <test-method status="PASS" signature="setup()[pri:0, instance:org.jclouds.aliyun.http.filters.AppendApiVersionToMediaTypeTest@3b9b9669]" name="setup" is-config="true" duration-ms="97" started-at="2015-04-23T20:49:57Z" finished-at="2015-04-23T20:49:58Z">
          <reporter-output>
          </reporter-output>
        </test-method> <!-- setup -->
        <test-method status="PASS" signature="setup()[pri:0, instance:org.jclouds.aliyun.http.filters.AppendApiVersionToMediaTypeTest@3b9b9669]" name="setup" is-config="true" duration-ms="97" started-at="2015-04-23T20:49:57Z" finished-at="2015-04-23T20:49:58Z">
          <reporter-output>
          </reporter-output>
        </test-method> <!-- setup -->
        <test-method status="PASS" signature="setup()[pri:0, instance:org.jclouds.aliyun.http.filters.AppendApiVersionToMediaTypeTest@3b9b9669]" name="setup" is-config="true" duration-ms="97" started-at="2015-04-23T20:49:57Z" finished-at="2015-04-23T20:49:58Z">
          <reporter-output>
          </reporter-output>
        </test-method> <!-- setup -->
        <test-method status="PASS" signature="testAppendVersionToNonPayloadHeadersWithStandardMediaType()[pri:0, instance:org.jclouds.aliyun.http.filters.AppendApiVersionToMediaTypeTest@3b9b9669]" name="testAppendVersionToNonPayloadHeadersWithStandardMediaType" duration-ms="4" started-at="2015-04-23T20:49:58Z" finished-at="2015-04-23T20:49:58Z">
          <reporter-output>
          </reporter-output>
        </test-method> <!-- testAppendVersionToNonPayloadHeadersWithStandardMediaType -->
        <test-method status="PASS" signature="testAppendVersionToNonPayloadHeadersWithoutVersionInMediaType()[pri:0, instance:org.jclouds.aliyun.http.filters.AppendApiVersionToMediaTypeTest@3b9b9669]" name="testAppendVersionToNonPayloadHeadersWithoutVersionInMediaType" duration-ms="6" started-at="2015-04-23T20:49:58Z" finished-at="2015-04-23T20:49:58Z">
          <reporter-output>
          </reporter-output>
        </test-method> <!-- testAppendVersionToNonPayloadHeadersWithoutVersionInMediaType -->
        <test-method status="PASS" signature="testAppendVersionToPayloadHeadersWithDefaultPayload()[pri:0, instance:org.jclouds.aliyun.http.filters.AppendApiVersionToMediaTypeTest@3b9b9669]" name="testAppendVersionToPayloadHeadersWithDefaultPayload" duration-ms="5" started-at="2015-04-23T20:49:58Z" finished-at="2015-04-23T20:49:58Z">
          <reporter-output>
          </reporter-output>
        </test-method> <!-- testAppendVersionToPayloadHeadersWithDefaultPayload -->
        <test-method status="PASS" signature="testAppendVersionToNonPayloadHeadersWithoutHeaders()[pri:0, instance:org.jclouds.aliyun.http.filters.AppendApiVersionToMediaTypeTest@3b9b9669]" name="testAppendVersionToNonPayloadHeadersWithoutHeaders" duration-ms="1" started-at="2015-04-23T20:49:58Z" finished-at="2015-04-23T20:49:58Z">
          <reporter-output>
          </reporter-output>
        </test-method> <!-- testAppendVersionToNonPayloadHeadersWithoutHeaders -->
        <test-method status="PASS" signature="testAppendVersionToNonPayloadHeadersWithVersionInMediaType()[pri:0, instance:org.jclouds.aliyun.http.filters.AppendApiVersionToMediaTypeTest@3b9b9669]" name="testAppendVersionToNonPayloadHeadersWithVersionInMediaType" duration-ms="4" started-at="2015-04-23T20:49:58Z" finished-at="2015-04-23T20:49:58Z">
          <reporter-output>
          </reporter-output>
        </test-method> <!-- testAppendVersionToNonPayloadHeadersWithVersionInMediaType -->
        <test-method status="PASS" signature="setup()[pri:0, instance:org.jclouds.aliyun.http.filters.AppendApiVersionToMediaTypeTest@3b9b9669]" name="setup" is-config="true" duration-ms="2" started-at="2015-04-23T20:49:58Z" finished-at="2015-04-23T20:49:58Z">
          <reporter-output>
          </reporter-output>
        </test-method> <!-- setup -->
        <test-method status="PASS" signature="testAppendVersionToPayloadHeadersWithStandardPayload()[pri:0, instance:org.jclouds.aliyun.http.filters.AppendApiVersionToMediaTypeTest@3b9b9669]" name="testAppendVersionToPayloadHeadersWithStandardPayload" duration-ms="2" started-at="2015-04-23T20:49:58Z" finished-at="2015-04-23T20:49:58Z">
          <reporter-output>
          </reporter-output>
        </test-method> <!-- testAppendVersionToPayloadHeadersWithStandardPayload -->
        <test-method status="PASS" signature="setup()[pri:0, instance:org.jclouds.aliyun.http.filters.AppendApiVersionToMediaTypeTest@3b9b9669]" name="setup" is-config="true" duration-ms="1" started-at="2015-04-23T20:49:58Z" finished-at="2015-04-23T20:49:58Z">
          <reporter-output>
          </reporter-output>
        </test-method> <!-- setup -->
        <test-method status="PASS" signature="setup()[pri:0, instance:org.jclouds.aliyun.http.filters.AppendApiVersionToMediaTypeTest@3b9b9669]" name="setup" is-config="true" duration-ms="1" started-at="2015-04-23T20:49:58Z" finished-at="2015-04-23T20:49:58Z">
          <reporter-output>
          </reporter-output>
        </test-method> <!-- setup -->
        <test-method status="PASS" signature="testAppendVersionToPayloadHeadersWithVersionInPayload()[pri:0, instance:org.jclouds.aliyun.http.filters.AppendApiVersionToMediaTypeTest@3b9b9669]" name="testAppendVersionToPayloadHeadersWithVersionInPayload" duration-ms="0" started-at="2015-04-23T20:49:58Z" finished-at="2015-04-23T20:49:58Z">
          <reporter-output>
          </reporter-output>
        </test-method> <!-- testAppendVersionToPayloadHeadersWithVersionInPayload -->
        <test-method status="PASS" signature="setup()[pri:0, instance:org.jclouds.aliyun.http.filters.AppendApiVersionToMediaTypeTest@3b9b9669]" name="setup" is-config="true" duration-ms="1" started-at="2015-04-23T20:49:58Z" finished-at="2015-04-23T20:49:58Z">
          <reporter-output>
          </reporter-output>
        </test-method> <!-- setup -->
        <test-method status="PASS" signature="testAppendVersionToPayloadHeadersWithoutPayload()[pri:0, instance:org.jclouds.aliyun.http.filters.AppendApiVersionToMediaTypeTest@3b9b9669]" name="testAppendVersionToPayloadHeadersWithoutPayload" duration-ms="2" started-at="2015-04-23T20:49:58Z" finished-at="2015-04-23T20:49:58Z">
          <reporter-output>
          </reporter-output>
        </test-method> <!-- testAppendVersionToPayloadHeadersWithoutPayload -->
        <test-method status="PASS" signature="setup()[pri:0, instance:org.jclouds.aliyun.http.filters.AppendApiVersionToMediaTypeTest@3b9b9669]" name="setup" is-config="true" duration-ms="1" started-at="2015-04-23T20:49:58Z" finished-at="2015-04-23T20:49:58Z">
          <reporter-output>
          </reporter-output>
        </test-method> <!-- setup -->
        <test-method status="PASS" signature="testFilterWithAcceptAndContentTypeWithVersion()[pri:0, instance:org.jclouds.aliyun.http.filters.AppendApiVersionToMediaTypeTest@3b9b9669]" name="testFilterWithAcceptAndContentTypeWithVersion" duration-ms="1" started-at="2015-04-23T20:49:58Z" finished-at="2015-04-23T20:49:58Z">
          <reporter-output>
          </reporter-output>
        </test-method> <!-- testFilterWithAcceptAndContentTypeWithVersion -->
        <test-method status="PASS" signature="setup()[pri:0, instance:org.jclouds.aliyun.http.filters.AppendApiVersionToMediaTypeTest@3b9b9669]" name="setup" is-config="true" duration-ms="1" started-at="2015-04-23T20:49:58Z" finished-at="2015-04-23T20:49:58Z">
          <reporter-output>
          </reporter-output>
        </test-method> <!-- setup -->
        <test-method status="PASS" signature="testAppendVersionToPayloadHeadersWithoutVersionInPayload()[pri:0, instance:org.jclouds.aliyun.http.filters.AppendApiVersionToMediaTypeTest@3b9b9669]" name="testAppendVersionToPayloadHeadersWithoutVersionInPayload" duration-ms="0" started-at="2015-04-23T20:49:58Z" finished-at="2015-04-23T20:49:58Z">
          <reporter-output>
          </reporter-output>
        </test-method> <!-- testAppendVersionToPayloadHeadersWithoutVersionInPayload -->
        <test-method status="PASS" signature="setup()[pri:0, instance:org.jclouds.aliyun.http.filters.AppendApiVersionToMediaTypeTest@3b9b9669]" name="setup" is-config="true" duration-ms="1" started-at="2015-04-23T20:49:58Z" finished-at="2015-04-23T20:49:58Z">
          <reporter-output>
          </reporter-output>
        </test-method> <!-- setup -->
        <test-method status="PASS" signature="setup()[pri:0, instance:org.jclouds.aliyun.http.filters.AppendApiVersionToMediaTypeTest@3b9b9669]" name="setup" is-config="true" duration-ms="2" started-at="2015-04-23T20:49:58Z" finished-at="2015-04-23T20:49:58Z">
          <reporter-output>
          </reporter-output>
        </test-method> <!-- setup -->
        <test-method status="PASS" signature="testFilterWithAcceptAndContentTypeWithoutVersion()[pri:0, instance:org.jclouds.aliyun.http.filters.AppendApiVersionToMediaTypeTest@3b9b9669]" name="testFilterWithAcceptAndContentTypeWithoutVersion" duration-ms="0" started-at="2015-04-23T20:49:58Z" finished-at="2015-04-23T20:49:58Z">
          <reporter-output>
          </reporter-output>
        </test-method> <!-- testFilterWithAcceptAndContentTypeWithoutVersion -->
        <test-method status="PASS" signature="testFilterWithversionInContentType()[pri:0, instance:org.jclouds.aliyun.http.filters.AppendApiVersionToMediaTypeTest@3b9b9669]" name="testFilterWithversionInContentType" duration-ms="1" started-at="2015-04-23T20:49:58Z" finished-at="2015-04-23T20:49:58Z">
          <reporter-output>
          </reporter-output>
        </test-method> <!-- testFilterWithversionInContentType -->
        <test-method status="PASS" signature="testFilterWithversionInAccept()[pri:0, instance:org.jclouds.aliyun.http.filters.AppendApiVersionToMediaTypeTest@3b9b9669]" name="testFilterWithversionInAccept" duration-ms="0" started-at="2015-04-23T20:49:58Z" finished-at="2015-04-23T20:49:58Z">
          <reporter-output>
          </reporter-output>
        </test-method> <!-- testFilterWithversionInAccept -->
      </class> <!-- org.jclouds.aliyun.http.filters.AppendApiVersionToMediaTypeTest -->
    </test> <!-- AppendApiVersionToMediaTypeTest -->
  </suite> <!-- Surefire suite -->
</testng-results>
